Using pre-set license
Built from '2020.3/staging' branch; Version is '2020.3.48f1 (b805b124c6b7) revision 12060081'; Using compiler version '192528614'; Build Type 'Release'
OS: 'Windows 10  (10.0.19045) 64bit Professional' Language: 'en' Physical Memory: 16227 MB
BatchMode: 1, IsHumanControllingUs: 0, StartBugReporterOnCrash: 0, Is64bit: 1, IsPro: 0

COMMAND LINE ARGUMENTS:
C:\Program Files\Unity\Hub\Editor\2020.3.48f1\Editor\Unity.exe
-adb2
-batchMode
-noUpm
-name
AssetImportWorker0
-projectPath
C:/Users/Admin/Desktop/WEB/Web/AHR_WEB
-logFile
Logs/AssetImportWorker0.log
-srvPort
62899
Successfully changed project path to: C:/Users/Admin/Desktop/WEB/Web/AHR_WEB
C:/Users/Admin/Desktop/WEB/Web/AHR_WEB
Using Asset Import Pipeline V2.
Player connection [7060] Host "[IP] 192.168.100.8 [Port] 1073959264 [Flags] 2 [Guid] 1613994694 [EditorId] 1613994694 [Version] 1048832 [Id] WindowsEditor(7,DESKTOP-D1JCRI0) [Debug] 1 [PackageName] WindowsEditor [ProjectName] Editor" joined multi-casting on [225.0.0.222:54997]...

Player connection [7060] Host "[IP] 192.168.100.8 [Port] 1073959264 [Flags] 2 [Guid] 1613994694 [EditorId] 1613994694 [Version] 1048832 [Id] WindowsEditor(7,DESKTOP-D1JCRI0) [Debug] 1 [PackageName] WindowsEditor [ProjectName] Editor" joined alternative multi-casting on [225.0.0.222:34997]...

Refreshing native plugins compatible for Editor in 339.47 ms, found 2 plugins.
Preloading 0 native plugins for Editor in 0.00 ms.
Initialize engine version: 2020.3.48f1 (b805b124c6b7)
[Subsystems] Discovering subsystems at path C:/Program Files/Unity/Hub/Editor/2020.3.48f1/Editor/Data/Resources/UnitySubsystems
[Subsystems] Discovering subsystems at path C:/Users/Admin/Desktop/WEB/Web/AHR_WEB/Assets
GfxDevice: creating device client; threaded=0
Direct3D:
    Version:  Direct3D 11.0 [level 11.1]
    Renderer: Intel(R) UHD Graphics 620 (ID=0x5917)
    Vendor:   
    VRAM:     8113 MB
    Driver:   31.0.101.2111
Initialize mono
Mono path[0] = 'C:/Program Files/Unity/Hub/Editor/2020.3.48f1/Editor/Data/Managed'
Mono path[1] = 'C:/Program Files/Unity/Hub/Editor/2020.3.48f1/Editor/Data/MonoBleedingEdge/lib/mono/unityjit'
Mono config path = 'C:/Program Files/Unity/Hub/Editor/2020.3.48f1/Editor/Data/MonoBleedingEdge/etc'
Using monoOptions --debugger-agent=transport=dt_socket,embedding=1,server=y,suspend=n,address=127.0.0.1:56048
Begin MonoManager ReloadAssembly
Registering precompiled unity dll's ...
Register platform support module: C:/Program Files/Unity/Hub/Editor/2020.3.48f1/Editor/Data/PlaybackEngines/WindowsStandaloneSupport/UnityEditor.WindowsStandalone.Extensions.dll
Registered in 0.010680 seconds.
Native extension for WindowsStandalone target not found
Refreshing native plugins compatible for Editor in 240.69 ms, found 2 plugins.
Preloading 0 native plugins for Editor in 0.00 ms.
Mono: successfully reloaded assembly
- Completed reload, in  2.993 seconds
Domain Reload Profiling:
	ReloadAssembly (2994ms)
		BeginReloadAssembly (306ms)
			ExecutionOrderSort (0ms)
			DisableScriptedObjects (0ms)
			BackupInstance (0ms)
			ReleaseScriptingObjects (0ms)
			CreateAndSetChildDomain (3ms)
		EndReloadAssembly (2237ms)
			LoadAssemblies (296ms)
			RebuildTransferFunctionScriptingTraits (0ms)
			SetupTypeCache (697ms)
			ReleaseScriptCaches (0ms)
			RebuildScriptCaches (184ms)
			SetupLoadedEditorAssemblies (880ms)
				LogAssemblyErrors (0ms)
				InitializePlatformSupportModulesInManaged (23ms)
				SetLoadedEditorAssemblies (1ms)
				RefreshPlugins (241ms)
				BeforeProcessingInitializeOnLoad (72ms)
				ProcessInitializeOnLoadAttributes (412ms)
				ProcessInitializeOnLoadMethodAttributes (130ms)
				AfterProcessingInitializeOnLoad (0ms)
				EditorAssembliesLoaded (1ms)
			ExecutionOrderSort2 (0ms)
			AwakeInstancesAfterBackupRestoration (0ms)
Platform modules already initialized, skipping
Registering precompiled user dll's ...
Registered in 0.019613 seconds.
Begin MonoManager ReloadAssembly
Native extension for WindowsStandalone target not found
Refreshing native plugins compatible for Editor in 220.40 ms, found 2 plugins.
Preloading 0 native plugins for Editor in 0.00 ms.
Mono: successfully reloaded assembly
- Completed reload, in  5.475 seconds
Domain Reload Profiling:
	ReloadAssembly (5480ms)
		BeginReloadAssembly (722ms)
			ExecutionOrderSort (0ms)
			DisableScriptedObjects (35ms)
			BackupInstance (0ms)
			ReleaseScriptingObjects (0ms)
			CreateAndSetChildDomain (103ms)
		EndReloadAssembly (4490ms)
			LoadAssemblies (350ms)
			RebuildTransferFunctionScriptingTraits (0ms)
			SetupTypeCache (1278ms)
			ReleaseScriptCaches (1ms)
			RebuildScriptCaches (191ms)
			SetupLoadedEditorAssemblies (2247ms)
				LogAssemblyErrors (0ms)
				InitializePlatformSupportModulesInManaged (16ms)
				SetLoadedEditorAssemblies (1ms)
				RefreshPlugins (221ms)
				BeforeProcessingInitializeOnLoad (328ms)
				ProcessInitializeOnLoadAttributes (1364ms)
				ProcessInitializeOnLoadMethodAttributes (281ms)
				AfterProcessingInitializeOnLoad (36ms)
				EditorAssembliesLoaded (1ms)
			ExecutionOrderSort2 (0ms)
			AwakeInstancesAfterBackupRestoration (9ms)
Platform modules already initialized, skipping
========================================================================
Worker process is ready to serve import requests
Launched and connected shader compiler UnityShaderCompiler.exe after 0.28 seconds
Refreshing native plugins compatible for Editor in 2.17 ms, found 2 plugins.
Preloading 0 native plugins for Editor in 0.00 ms.
Unloading 1885 Unused Serialized files (Serialized files now loaded: 0)
System memory in use before: 89.2 MB.
System memory in use after: 88.6 MB.

Unloading 25 unused Assets to reduce memory usage. Loaded Objects now: 2324.
Total: 18.520600 ms (FindLiveObjects: 0.713600 ms CreateObjectMapping: 0.653500 ms MarkObjects: 14.682000 ms  DeleteObjects: 2.466400 ms)

AssetImportParameters requested are different than current active one (requested -> active):
  custom:framework-win-MediaFoundation: 216162199b28c13a410421893ffa2e32 -> 
  custom:video-decoder-ogg-theora: a1e56fd34408186e4bbccfd4996cb3dc -> 
  custom:container-muxer-webm: aa71ff27fc2769a1b78a27578f13a17b -> 
  custom:container-demuxer-webm: 4f35f7cbe854078d1ac9338744f61a02 -> 
  custom:container-demuxer-ogg: 62fdf1f143b41e24485cea50d1cbac27 -> 
  custom:video-encoder-webm-vp8: eb34c28f22e8b96e1ab97ce403110664 -> 
  custom:video-decoder-webm-vp8: 9c59270c3fd7afecdb556c50c9e8de78 -> 
  custom:audio-decoder-ogg-vorbis: bf7c407c2cedff20999df2af8eb42d56 -> 
  custom:audio-encoder-webm-vorbis: bf7c407c2cedff20999df2af8eb42d56 -> 
========================================================================
Received Import Request.
  path: Assets/Scenes/Pisos/Comedor.unity
  artifactKey: Guid(fbcc4831417875e4a9d0e35fdc3da1b2) Importer(815301076,1909f56bfc062723c751e8b465ee728b)
Start importing Assets/Scenes/Pisos/Comedor.unity using Guid(fbcc4831417875e4a9d0e35fdc3da1b2) Importer(815301076,1909f56bfc062723c751e8b465ee728b)  -> (artifact id: 'a06e58902bf473c937ec39a7323fd521') in 0.026526 seconds 
========================================================================
Received Prepare
Registering precompiled user dll's ...
Registered in 0.016234 seconds.
Begin MonoManager ReloadAssembly
Native extension for WindowsStandalone target not found
Refreshing native plugins compatible for Editor in 1.05 ms, found 2 plugins.
Preloading 0 native plugins for Editor in 0.00 ms.
Mono: successfully reloaded assembly
- Completed reload, in  4.488 seconds
Domain Reload Profiling:
	ReloadAssembly (4490ms)
		BeginReloadAssembly (586ms)
			ExecutionOrderSort (0ms)
			DisableScriptedObjects (19ms)
			BackupInstance (0ms)
			ReleaseScriptingObjects (0ms)
			CreateAndSetChildDomain (151ms)
		EndReloadAssembly (3624ms)
			LoadAssemblies (461ms)
			RebuildTransferFunctionScriptingTraits (0ms)
			SetupTypeCache (1282ms)
			ReleaseScriptCaches (2ms)
			RebuildScriptCaches (160ms)
			SetupLoadedEditorAssemblies (1451ms)
				LogAssemblyErrors (0ms)
				InitializePlatformSupportModulesInManaged (11ms)
				SetLoadedEditorAssemblies (2ms)
				RefreshPlugins (1ms)
				BeforeProcessingInitializeOnLoad (254ms)
				ProcessInitializeOnLoadAttributes (940ms)
				ProcessInitializeOnLoadMethodAttributes (210ms)
				AfterProcessingInitializeOnLoad (31ms)
				EditorAssembliesLoaded (1ms)
			ExecutionOrderSort2 (0ms)
			AwakeInstancesAfterBackupRestoration (9ms)
Platform modules already initialized, skipping
Refreshing native plugins compatible for Editor in 1.61 ms, found 2 plugins.
Preloading 0 native plugins for Editor in 0.00 ms.
Unloading 1865 Unused Serialized files (Serialized files now loaded: 0)
System memory in use before: 87.9 MB.
System memory in use after: 87.3 MB.

Unloading 18 unused Assets to reduce memory usage. Loaded Objects now: 2327.
Total: 13.329800 ms (FindLiveObjects: 0.441800 ms CreateObjectMapping: 0.258000 ms MarkObjects: 11.550600 ms  DeleteObjects: 1.075600 ms)

AssetImportParameters requested are different than current active one (requested -> active):
  custom:framework-win-MediaFoundation: 216162199b28c13a410421893ffa2e32 -> 
  custom:video-decoder-ogg-theora: a1e56fd34408186e4bbccfd4996cb3dc -> 
  custom:container-muxer-webm: aa71ff27fc2769a1b78a27578f13a17b -> 
  custom:container-demuxer-webm: 4f35f7cbe854078d1ac9338744f61a02 -> 
  custom:container-demuxer-ogg: 62fdf1f143b41e24485cea50d1cbac27 -> 
  custom:video-encoder-webm-vp8: eb34c28f22e8b96e1ab97ce403110664 -> 
  custom:video-decoder-webm-vp8: 9c59270c3fd7afecdb556c50c9e8de78 -> 
  custom:audio-decoder-ogg-vorbis: bf7c407c2cedff20999df2af8eb42d56 -> 
  custom:audio-encoder-webm-vorbis: bf7c407c2cedff20999df2af8eb42d56 -> 
========================================================================
Received Import Request.
  Time since last request: 443.221041 seconds.
  path: Assets/Scenes/Pisos/Entrada.unity
  artifactKey: Guid(93b1a3af011ad1043833bd80a7074fef) Importer(815301076,1909f56bfc062723c751e8b465ee728b)
Start importing Assets/Scenes/Pisos/Entrada.unity using Guid(93b1a3af011ad1043833bd80a7074fef) Importer(815301076,1909f56bfc062723c751e8b465ee728b)  -> (artifact id: '8052ad959141516ff84ec6812b05c3ae') in 0.030852 seconds 
========================================================================
Received Import Request.
  Time since last request: 1.797803 seconds.
  path: Assets/Scenes/Pisos/Planta1.unity
  artifactKey: Guid(f2b4a2cdef29703448534b26c17edc08) Importer(815301076,1909f56bfc062723c751e8b465ee728b)
Start importing Assets/Scenes/Pisos/Planta1.unity using Guid(f2b4a2cdef29703448534b26c17edc08) Importer(815301076,1909f56bfc062723c751e8b465ee728b)  -> (artifact id: 'aff6d39cd2f362b375357a4798bdd19d') in 0.059081 seconds 
========================================================================
Received Import Request.
  Time since last request: 1.311977 seconds.
  path: Assets/Scenes/Pisos/Sala de juntas.unity
  artifactKey: Guid(ae5ec0b2ed517634e8d2f6e804238fd5) Importer(815301076,1909f56bfc062723c751e8b465ee728b)
Start importing Assets/Scenes/Pisos/Sala de juntas.unity using Guid(ae5ec0b2ed517634e8d2f6e804238fd5) Importer(815301076,1909f56bfc062723c751e8b465ee728b)  -> (artifact id: '6093dbd77fe8300233da6c173794e6f7') in 0.013876 seconds 
========================================================================
Received Import Request.
  Time since last request: 117.790365 seconds.
  path: Assets/Scenes/Pisos/Siniestros/Incendio.unity
  artifactKey: Guid(5b18e8a69dff86f4382fafe51715814c) Importer(815301076,1909f56bfc062723c751e8b465ee728b)
Start importing Assets/Scenes/Pisos/Siniestros/Incendio.unity using Guid(5b18e8a69dff86f4382fafe51715814c) Importer(815301076,1909f56bfc062723c751e8b465ee728b)  -> (artifact id: '0d8c14b669989345a96ea45a54390294') in 0.017022 seconds 
========================================================================
Received Import Request.
  Time since last request: 2.475465 seconds.
  path: Assets/Scenes/Pisos/Siniestros/Sismo.unity
  artifactKey: Guid(3c402bb9840c3914090959f9aafd6101) Importer(815301076,1909f56bfc062723c751e8b465ee728b)
Start importing Assets/Scenes/Pisos/Siniestros/Sismo.unity using Guid(3c402bb9840c3914090959f9aafd6101) Importer(815301076,1909f56bfc062723c751e8b465ee728b)  -> (artifact id: 'ee643c9f36b51d8d74a32356a939f942') in 0.015452 seconds 
========================================================================
Received Import Request.
  Time since last request: 251.252603 seconds.
  path: Assets/Brick Project Studio/Apartment Kit/Prefabs/Furniture/Bedroom/Bed_Apt_02.prefab
  artifactKey: Guid(79723f7a04c42fa4cb0fefb4f7686381) Importer(815301076,1909f56bfc062723c751e8b465ee728b)
Start importing Assets/Brick Project Studio/Apartment Kit/Prefabs/Furniture/Bedroom/Bed_Apt_02.prefab using Guid(79723f7a04c42fa4cb0fefb4f7686381) Importer(815301076,1909f56bfc062723c751e8b465ee728b)  -> (artifact id: '814e2afc0a4ee4cfebfafa83fcd1cc47') in 0.853638 seconds 
========================================================================
Received Import Request.
  Time since last request: 30.667944 seconds.
  path: Assets/Scripts/WEB Scripts/Siniestros/Incendio/Collider2.cs
  artifactKey: Guid(022495c49b084a64e95643a5346758d7) Importer(815301076,1909f56bfc062723c751e8b465ee728b)
Start importing Assets/Scripts/WEB Scripts/Siniestros/Incendio/Collider2.cs using Guid(022495c49b084a64e95643a5346758d7) Importer(815301076,1909f56bfc062723c751e8b465ee728b)  -> (artifact id: '18fac2c68adde901eebd96a101ebc2d0') in 0.052756 seconds 
========================================================================
Received Import Request.
  Time since last request: 10.836915 seconds.
  path: Assets/Scenes/Pisos/Comedor.unity
  artifactKey: Guid(fbcc4831417875e4a9d0e35fdc3da1b2) Importer(815301076,1909f56bfc062723c751e8b465ee728b)
Start importing Assets/Scenes/Pisos/Comedor.unity using Guid(fbcc4831417875e4a9d0e35fdc3da1b2) Importer(815301076,1909f56bfc062723c751e8b465ee728b)  -> (artifact id: '8b648439c49fc0f9566d2ec06559684c') in 0.011080 seconds 
========================================================================
Received Import Request.
  Time since last request: 26.234022 seconds.
  path: Assets/Brick Project Studio/Apartment Kit/Prefabs/Furniture/Bedroom/Table_End_01.prefab
  artifactKey: Guid(c15f037642a1e1b439d19869e86e1ddf) Importer(815301076,1909f56bfc062723c751e8b465ee728b)
Start importing Assets/Brick Project Studio/Apartment Kit/Prefabs/Furniture/Bedroom/Table_End_01.prefab using Guid(c15f037642a1e1b439d19869e86e1ddf) Importer(815301076,1909f56bfc062723c751e8b465ee728b)  -> (artifact id: '30e83643713d2e0d8fb1b9006bf96d30') in 0.374303 seconds 
========================================================================
Received Import Request.
  Time since last request: 16.252145 seconds.
  path: Assets/Brick Project Studio/Apartment Kit/Prefabs/Furniture/Bedroom/Table_End_02.prefab
  artifactKey: Guid(28f3f85a3fb032b4cbee99b8dd59df44) Importer(815301076,1909f56bfc062723c751e8b465ee728b)
Start importing Assets/Brick Project Studio/Apartment Kit/Prefabs/Furniture/Bedroom/Table_End_02.prefab using Guid(28f3f85a3fb032b4cbee99b8dd59df44) Importer(815301076,1909f56bfc062723c751e8b465ee728b)  -> (artifact id: '7948e584c332c7e616cd7000435747d2') in 0.215689 seconds 
========================================================================
Received Import Request.
  Time since last request: 1.318023 seconds.
  path: Assets/Scenes/Pisos/Sala de juntas.unity
  artifactKey: Guid(ae5ec0b2ed517634e8d2f6e804238fd5) Importer(815301076,1909f56bfc062723c751e8b465ee728b)
Start importing Assets/Scenes/Pisos/Sala de juntas.unity using Guid(ae5ec0b2ed517634e8d2f6e804238fd5) Importer(815301076,1909f56bfc062723c751e8b465ee728b)  -> (artifact id: '415c5c94439460b509c13f15c5b749af') in 0.030953 seconds 
========================================================================
Received Import Request.
  Time since last request: 0.297639 seconds.
  path: Assets/Brick Project Studio/Apartment Kit/Prefabs/Furniture/Bedroom/Dresser_Apt_01.prefab
  artifactKey: Guid(3f38091ec14910c4c8b8af3bab31b1bf) Importer(815301076,1909f56bfc062723c751e8b465ee728b)
Start importing Assets/Brick Project Studio/Apartment Kit/Prefabs/Furniture/Bedroom/Dresser_Apt_01.prefab using Guid(3f38091ec14910c4c8b8af3bab31b1bf) Importer(815301076,1909f56bfc062723c751e8b465ee728b)  -> (artifact id: '8bdc9538d6b1e6c4ab9799d2a96035f3') in 0.085296 seconds 
========================================================================
Received Import Request.
  Time since last request: 0.187441 seconds.
  path: Assets/Enviroment/enviroment/Office building/Prefabs/office building Prefab.prefab
  artifactKey: Guid(e2e6970f9dbe45743858950d9b85475f) Importer(815301076,1909f56bfc062723c751e8b465ee728b)
Start importing Assets/Enviroment/enviroment/Office building/Prefabs/office building Prefab.prefab using Guid(e2e6970f9dbe45743858950d9b85475f) Importer(815301076,1909f56bfc062723c751e8b465ee728b)  -> (artifact id: '8c7fae5253031fb9d82f2973e62fe90b') in 6.886365 seconds 
========================================================================
Received Import Request.
  Time since last request: 21.228809 seconds.
  path: Assets/Scenes/Pisos/Entrada.unity
  artifactKey: Guid(93b1a3af011ad1043833bd80a7074fef) Importer(815301076,1909f56bfc062723c751e8b465ee728b)
Start importing Assets/Scenes/Pisos/Entrada.unity using Guid(93b1a3af011ad1043833bd80a7074fef) Importer(815301076,1909f56bfc062723c751e8b465ee728b)  -> (artifact id: 'b4ccd4496f6c0d5d8906e71b395f6165') in 0.011638 seconds 
========================================================================
Received Import Request.
  Time since last request: 0.312170 seconds.
  path: Assets/Brick Project Studio/Apartment Kit/Prefabs/Furniture/Bedroom/Dresser Closet_01.prefab
  artifactKey: Guid(7769b6e68c1a90a458fec4955db6b2fd) Importer(815301076,1909f56bfc062723c751e8b465ee728b)
Start importing Assets/Brick Project Studio/Apartment Kit/Prefabs/Furniture/Bedroom/Dresser Closet_01.prefab using Guid(7769b6e68c1a90a458fec4955db6b2fd) Importer(815301076,1909f56bfc062723c751e8b465ee728b)  -> (artifact id: '55bc46a0a30b389a54fbb3177b0060fe') in 0.175033 seconds 
========================================================================
Received Import Request.
  Time since last request: 8.198643 seconds.
  path: Assets/Scenes/Pisos/Siniestros/Incendio2.unity
  artifactKey: Guid(272eb302e78ac8f44b7b1302578b8e21) Importer(815301076,1909f56bfc062723c751e8b465ee728b)
Start importing Assets/Scenes/Pisos/Siniestros/Incendio2.unity using Guid(272eb302e78ac8f44b7b1302578b8e21) Importer(815301076,1909f56bfc062723c751e8b465ee728b)  -> (artifact id: 'af8d3994063186d8f9fd626a03a42ebb') in 0.027006 seconds 
========================================================================
Received Import Request.
  Time since last request: 1.042303 seconds.
  path: Assets/Scenes/Pisos/Planta1.unity
  artifactKey: Guid(f2b4a2cdef29703448534b26c17edc08) Importer(815301076,1909f56bfc062723c751e8b465ee728b)
Start importing Assets/Scenes/Pisos/Planta1.unity using Guid(f2b4a2cdef29703448534b26c17edc08) Importer(815301076,1909f56bfc062723c751e8b465ee728b)  -> (artifact id: 'a202021bbe5c96966fb0889a1868e691') in 0.040802 seconds 
========================================================================
Received Import Request.
  Time since last request: 16.041106 seconds.
  path: Assets/Scenes/Pisos/Siniestros/Sismo2.unity
  artifactKey: Guid(44ed12b88df179940aba526f77029c55) Importer(815301076,1909f56bfc062723c751e8b465ee728b)
Start importing Assets/Scenes/Pisos/Siniestros/Sismo2.unity using Guid(44ed12b88df179940aba526f77029c55) Importer(815301076,1909f56bfc062723c751e8b465ee728b)  -> (artifact id: '33de80489b9a8f628359fa8be561d31f') in 0.046037 seconds 
========================================================================
Received Import Request.
  Time since last request: 9.184877 seconds.
  path: Assets/Scripts/WEB Scripts/Siniestros/Incendio/ColliderErr.cs
  artifactKey: Guid(e3570af31fb481f4b849dc71df0ae1af) Importer(815301076,1909f56bfc062723c751e8b465ee728b)
Start importing Assets/Scripts/WEB Scripts/Siniestros/Incendio/ColliderErr.cs using Guid(e3570af31fb481f4b849dc71df0ae1af) Importer(815301076,1909f56bfc062723c751e8b465ee728b)  -> (artifact id: 'be9317b19d01ab1c2f40da1945e03783') in 0.054249 seconds 
========================================================================
Received Import Request.
  Time since last request: 2.290330 seconds.
  path: Assets/Scripts/WEB Scripts/Siniestros/Sismo/Safe.cs
  artifactKey: Guid(5e8c5be2e87848c469f0641915f784b8) Importer(815301076,1909f56bfc062723c751e8b465ee728b)
Start importing Assets/Scripts/WEB Scripts/Siniestros/Sismo/Safe.cs using Guid(5e8c5be2e87848c469f0641915f784b8) Importer(815301076,1909f56bfc062723c751e8b465ee728b)  -> (artifact id: 'd30ce7455d2d1c526ed5314c6486e453') in 0.032511 seconds 
========================================================================
Received Import Request.
  Time since last request: 1.997486 seconds.
  path: Assets/Scripts/WEB Scripts/Siniestros/Incendio/firetype.cs
  artifactKey: Guid(d265834d96ca8ee4396900fe3213f292) Importer(815301076,1909f56bfc062723c751e8b465ee728b)
Start importing Assets/Scripts/WEB Scripts/Siniestros/Incendio/firetype.cs using Guid(d265834d96ca8ee4396900fe3213f292) Importer(815301076,1909f56bfc062723c751e8b465ee728b)  -> (artifact id: 'cea530ee869de8ca1be5629fce4742fc') in 0.053284 seconds 
========================================================================
Received Import Request.
  Time since last request: 3.505108 seconds.
  path: Assets/Scenes/Pisos/Siniestros/Sismo.unity
  artifactKey: Guid(3c402bb9840c3914090959f9aafd6101) Importer(815301076,1909f56bfc062723c751e8b465ee728b)
Start importing Assets/Scenes/Pisos/Siniestros/Sismo.unity using Guid(3c402bb9840c3914090959f9aafd6101) Importer(815301076,1909f56bfc062723c751e8b465ee728b)  -> (artifact id: '8a304df5785d2ce4158757803a4d342b') in 0.034687 seconds 
========================================================================
Received Import Request.
  Time since last request: 7.970748 seconds.
  path: Assets/Scripts/WEB Scripts/Siniestros/Summary2.cs
  artifactKey: Guid(06dad08374b6de648acbfa3cf54b6765) Importer(815301076,1909f56bfc062723c751e8b465ee728b)
Start importing Assets/Scripts/WEB Scripts/Siniestros/Summary2.cs using Guid(06dad08374b6de648acbfa3cf54b6765) Importer(815301076,1909f56bfc062723c751e8b465ee728b)  -> (artifact id: '88906bad79071af81db18070594abf71') in 0.048591 seconds 
AssetImportWorkerClient::OnTransportError - code=2 error=End of file
